Pig Stack Trace
---------------
ERROR 2997: Encountered IOException. Directory DB* does not exist.

java.io.IOException: Directory DB* does not exist.
	at org.apache.pig.tools.grunt.GruntParser.processCD(GruntParser.java:657)
	at org.apache.pig.tools.pigscript.parser.PigScriptParser.parse(PigScriptParser.java:275)
	at org.apache.pig.tools.grunt.GruntParser.parseStopOnError(GruntParser.java:189)
	at org.apache.pig.tools.grunt.GruntParser.parseStopOnError(GruntParser.java:165)
	at org.apache.pig.tools.grunt.Grunt.run(Grunt.java:69)
	at org.apache.pig.Main.run(Main.java:490)
	at org.apache.pig.Main.main(Main.java:111)
================================================================================
Pig Stack Trace
---------------
ERROR 2997: Encountered IOException. Directory rs does not exist.

java.io.IOException: Directory rs does not exist.
	at org.apache.pig.tools.grunt.GruntParser.processCD(GruntParser.java:657)
	at org.apache.pig.tools.pigscript.parser.PigScriptParser.parse(PigScriptParser.java:275)
	at org.apache.pig.tools.grunt.GruntParser.parseStopOnError(GruntParser.java:189)
	at org.apache.pig.tools.grunt.GruntParser.parseStopOnError(GruntParser.java:165)
	at org.apache.pig.tools.grunt.Grunt.run(Grunt.java:69)
	at org.apache.pig.Main.run(Main.java:490)
	at org.apache.pig.Main.main(Main.java:111)
================================================================================
Backend error message
---------------------
java.lang.RuntimeException: native snappy library not available
	at org.apache.hadoop.io.compress.SnappyCodec.createCompressor(SnappyCodec.java:135)
	at org.apache.hadoop.io.compress.SnappyCodec.createOutputStream(SnappyCodec.java:84)
	at org.apache.pig.backend.hadoop.executionengine.mapReduceLayer.PigTextOutputFormat.getRecordWriter(PigTextOutputFormat.java:102)
	at org.apache.pig.backend.hadoop.executionengine.mapReduceLayer.PigOutputFormat.getRecordWriter(PigOutputFormat.java:84)
	at org.apache.hadoop.mapred.MapTask$NewDirectOutputCollector.<init>(MapTask.java:521)
	at org.apache.hadoop.mapred.MapTask.runNewMapper(MapTask.java:636)
	at org.apache.hadoop.mapred.MapTask.run(MapTask.java:323)
	at org.apache.hadoop.mapred.Child$4.run(Child.java:270)
	at java.security.AccessController.doPrivileged(Native Method)
	at javax.security.auth.Subject.doAs(Subject.java:396)
	at org.apache.hadoop.security.UserGroupInformation.doAs(UserGroupInformation.java:1177)
	at org.apache.hadoop.mapred.Child.main(Child.java:264)

Pig Stack Trace
---------------
ERROR 1000: Error during parsing. Encountered " <IDENTIFIER> "bye "" at line 21, column 1.
Was expecting one of:
    <EOF> 
    "cat" ...
    "fs" ...
    "sh" ...
    "cd" ...
    "cp" ...
    "copyFromLocal" ...
    "copyToLocal" ...
    "dump" ...
    "describe" ...
    "aliases" ...
    "explain" ...
    "help" ...
    "kill" ...
    "ls" ...
    "mv" ...
    "mkdir" ...
    "pwd" ...
    "quit" ...
    "register" ...
    "rm" ...
    "rmf" ...
    "set" ...
    "illustrate" ...
    "run" ...
    "exec" ...
    "scriptDone" ...
    "" ...
    <EOL> ...
    ";" ...
    

org.apache.pig.tools.pigscript.parser.ParseException: Encountered " <IDENTIFIER> "bye "" at line 21, column 1.
Was expecting one of:
    <EOF> 
    "cat" ...
    "fs" ...
    "sh" ...
    "cd" ...
    "cp" ...
    "copyFromLocal" ...
    "copyToLocal" ...
    "dump" ...
    "describe" ...
    "aliases" ...
    "explain" ...
    "help" ...
    "kill" ...
    "ls" ...
    "mv" ...
    "mkdir" ...
    "pwd" ...
    "quit" ...
    "register" ...
    "rm" ...
    "rmf" ...
    "set" ...
    "illustrate" ...
    "run" ...
    "exec" ...
    "scriptDone" ...
    "" ...
    <EOL> ...
    ";" ...
    
	at org.apache.pig.tools.pigscript.parser.PigScriptParser.generateParseException(PigScriptParser.java:1118)
	at org.apache.pig.tools.pigscript.parser.PigScriptParser.handle_invalid_command(PigScriptParser.java:934)
	at org.apache.pig.tools.pigscript.parser.PigScriptParser.parse(PigScriptParser.java:527)
	at org.apache.pig.tools.grunt.GruntParser.parseStopOnError(GruntParser.java:189)
	at org.apache.pig.tools.grunt.GruntParser.parseStopOnError(GruntParser.java:165)
	at org.apache.pig.tools.grunt.Grunt.run(Grunt.java:69)
	at org.apache.pig.Main.run(Main.java:490)
	at org.apache.pig.Main.main(Main.java:111)
================================================================================
