2013/03/15 16:25:17.818 +0100 INFO [TestContext] @ContextConfiguration not found for class [class org.bigloupe.web.monitor.service.JMXTransTest]
2013/03/15 16:25:17.818 +0100 INFO [TestContextManager] @TestExecutionListeners is not present for class [class org.bigloupe.web.monitor.service.JMXTransTest]: using defaults.
2013/03/15 16:25:17.881 +0100 ERROR [TestContextManager] Caught exception while allowing TestExecutionListener [org.springframework.test.context.support.DependencyInjectionTestExecutionListener@15c7850] to prepare test instance [org.bigloupe.web.monitor.service.JMXTransTest@1ded0fd]
java.lang.IllegalStateException: Failed to load ApplicationContext
	at org.springframework.test.context.TestContext.getApplicationContext(TestContext.java:157)
	at org.springframework.test.context.support.DependencyInjectionTestExecutionListener.injectDependencies(DependencyInjectionTestExecutionListener.java:109)
	at org.springframework.test.context.support.DependencyInjectionTestExecutionListener.prepareTestInstance(DependencyInjectionTestExecutionListener.java:75)
	at org.springframework.test.context.TestContextManager.prepareTestInstance(TestContextManager.java:321)
	at org.springframework.test.context.junit4.SpringJUnit4ClassRunner.createTest(SpringJUnit4ClassRunner.java:211)
	at org.springframework.test.context.junit4.SpringJUnit4ClassRunner$1.runReflectiveCall(SpringJUnit4ClassRunner.java:288)
	at org.junit.internal.runners.model.ReflectiveCallable.run(ReflectiveCallable.java:15)
	at org.springframework.test.context.junit4.SpringJUnit4ClassRunner.methodBlock(SpringJUnit4ClassRunner.java:290)
	at org.springframework.test.context.junit4.SpringJUnit4ClassRunner.runChild(SpringJUnit4ClassRunner.java:231)
	at org.junit.runners.BlockJUnit4ClassRunner.runChild(BlockJUnit4ClassRunner.java:47)
	at org.junit.runners.ParentRunner$3.run(ParentRunner.java:231)
	at org.junit.runners.ParentRunner$1.schedule(ParentRunner.java:60)
	at org.junit.runners.ParentRunner.runChildren(ParentRunner.java:229)
	at org.junit.runners.ParentRunner.access$000(ParentRunner.java:50)
	at org.junit.runners.ParentRunner$2.evaluate(ParentRunner.java:222)
	at org.springframework.test.context.junit4.statements.RunBeforeTestClassCallbacks.evaluate(RunBeforeTestClassCallbacks.java:61)
	at org.springframework.test.context.junit4.statements.RunAfterTestClassCallbacks.evaluate(RunAfterTestClassCallbacks.java:71)
	at org.junit.runners.ParentRunner.run(ParentRunner.java:300)
	at org.springframework.test.context.junit4.SpringJUnit4ClassRunner.run(SpringJUnit4ClassRunner.java:174)
	at org.eclipse.jdt.internal.junit4.runner.JUnit4TestReference.run(JUnit4TestReference.java:50)
	at org.eclipse.jdt.internal.junit.runner.TestExecution.run(TestExecution.java:38)
	at org.eclipse.jdt.internal.junit.runner.RemoteTestRunner.runTests(RemoteTestRunner.java:467)
	at org.eclipse.jdt.internal.junit.runner.RemoteTestRunner.runTests(RemoteTestRunner.java:683)
	at org.eclipse.jdt.internal.junit.runner.RemoteTestRunner.run(RemoteTestRunner.java:390)
	at org.eclipse.jdt.internal.junit.runner.RemoteTestRunner.main(RemoteTestRunner.java:197)
Caused by: java.lang.IllegalArgumentException: Can not load an ApplicationContext with a NULL 'contextLoader'. Consider annotating your test class with @ContextConfiguration.
	at org.springframework.util.Assert.notNull(Assert.java:112)
	at org.springframework.test.context.TestContext.loadApplicationContext(TestContext.java:117)
	at org.springframework.test.context.TestContext.getApplicationContext(TestContext.java:148)
	... 24 more
2013/03/15 16:30:14.218 +0100 INFO [TestContextManager] @TestExecutionListeners is not present for class [class org.bigloupe.web.monitor.service.JMXTransTest]: using defaults.
2013/03/15 16:30:14.374 +0100 INFO [XmlBeanDefinitionReader] Loading XML bean definitions from class path resource [applicationContext.xml]
2013/03/15 16:30:14.499 +0100 INFO [GenericApplicationContext] Refreshing org.springframework.context.support.GenericApplicationContext@19106c7: startup date [Fri Mar 15 16:30:14 CET 2013]; root of context hierarchy
2013/03/15 16:30:14.577 +0100 INFO [DefaultListableBeanFactory] Pre-instantiating singletons in org.springframework.beans.factory.support.DefaultListableBeanFactory@141b571: defining beans [configuration,org.springframework.context.annotation.internalConfigurationAnnotationProcessor,org.springframework.context.annotation.internalAutowiredAnnotationProcessor,org.springframework.context.annotation.internalRequiredAnnotationProcessor,org.springframework.context.annotation.internalCommonAnnotationProcessor,org.springframework.context.annotation.ConfigurationClassPostProcessor$ImportAwareBeanPostProcessor#0]; root of factory hierarchy
2013/03/15 16:30:14.624 +0100 ERROR [BigLoupeConfiguration] Can't load bigloupe-server-url.properties in 'D:\Workspace\Workspace-BigData\bigloupe\java\bigloupe-common\target'
2013/03/15 16:30:14.624 +0100 INFO [BigLoupeConfiguration] >>>>>>>>>>>>>>>> Using server Url : null
2013/03/15 16:30:14.624 +0100 INFO [BigLoupeConfiguration] >>>>>>>>>>>>>>>> Using elastic search server Url : null
2013/03/15 16:30:14.655 +0100 INFO [GenericApplicationContext] Closing org.springframework.context.support.GenericApplicationContext@19106c7: startup date [Fri Mar 15 16:30:14 CET 2013]; root of context hierarchy
2013/03/15 16:30:14.655 +0100 INFO [DefaultListableBeanFactory] Destroying singletons in org.springframework.beans.factory.support.DefaultListableBeanFactory@141b571: defining beans [configuration,org.springframework.context.annotation.internalConfigurationAnnotationProcessor,org.springframework.context.annotation.internalAutowiredAnnotationProcessor,org.springframework.context.annotation.internalRequiredAnnotationProcessor,org.springframework.context.annotation.internalCommonAnnotationProcessor,org.springframework.context.annotation.ConfigurationClassPostProcessor$ImportAwareBeanPostProcessor#0]; root of factory hierarchy
2013/03/15 16:31:21.006 +0100 INFO [TestContextManager] @TestExecutionListeners is not present for class [class org.bigloupe.web.monitor.service.JMXTransTest]: using defaults.
2013/03/15 16:31:21.162 +0100 INFO [XmlBeanDefinitionReader] Loading XML bean definitions from class path resource [applicationContext.xml]
2013/03/15 16:31:21.397 +0100 INFO [GenericApplicationContext] Refreshing org.springframework.context.support.GenericApplicationContext@1e97676: startup date [Fri Mar 15 16:31:21 CET 2013]; root of context hierarchy
2013/03/15 16:31:21.475 +0100 INFO [DefaultListableBeanFactory] Pre-instantiating singletons in org.springframework.beans.factory.support.DefaultListableBeanFactory@1e3cd51: defining beans [org.springframework.context.annotation.internalConfigurationAnnotationProcessor,org.springframework.context.annotation.internalAutowiredAnnotationProcessor,org.springframework.context.annotation.internalRequiredAnnotationProcessor,org.springframework.context.annotation.internalCommonAnnotationProcessor,hadoopMonitoringController,JMXTrans,configuration,org.springframework.context.annotation.ConfigurationClassPostProcessor$ImportAwareBeanPostProcessor#0]; root of factory hierarchy
2013/03/15 16:31:21.537 +0100 WARN [AutowiredAnnotationBeanPostProcessor] Autowired annotation should be used on methods with actual parameters: public void org.bigloupe.web.monitor.service.JMXTrans.JMXTrans()
2013/03/15 16:31:21.553 +0100 ERROR [BigLoupeConfiguration] Can't load bigloupe-server-url.properties in 'D:\Workspace\Workspace-BigData\bigloupe\java\bigloupe-common\target'
2013/03/15 16:31:21.553 +0100 INFO [BigLoupeConfiguration] >>>>>>>>>>>>>>>> Using server Url : null
2013/03/15 16:31:21.553 +0100 INFO [BigLoupeConfiguration] >>>>>>>>>>>>>>>> Using elastic search server Url : null
2013/03/15 16:31:22.475 +0100 INFO [GenericApplicationContext] Closing org.springframework.context.support.GenericApplicationContext@1e97676: startup date [Fri Mar 15 16:31:21 CET 2013]; root of context hierarchy
2013/03/15 16:31:22.475 +0100 INFO [DefaultListableBeanFactory] Destroying singletons in org.springframework.beans.factory.support.DefaultListableBeanFactory@1e3cd51: defining beans [org.springframework.context.annotation.internalConfigurationAnnotationProcessor,org.springframework.context.annotation.internalAutowiredAnnotationProcessor,org.springframework.context.annotation.internalRequiredAnnotationProcessor,org.springframework.context.annotation.internalCommonAnnotationProcessor,hadoopMonitoringController,JMXTrans,configuration,org.springframework.context.annotation.ConfigurationClassPostProcessor$ImportAwareBeanPostProcessor#0]; root of factory hierarchy
2013/03/15 16:31:42.581 +0100 INFO [TestContextManager] @TestExecutionListeners is not present for class [class org.bigloupe.web.monitor.service.JMXTransTest]: using defaults.
2013/03/15 16:31:42.753 +0100 INFO [XmlBeanDefinitionReader] Loading XML bean definitions from class path resource [applicationContext.xml]
2013/03/15 16:31:43.003 +0100 INFO [GenericApplicationContext] Refreshing org.springframework.context.support.GenericApplicationContext@16917ee: startup date [Fri Mar 15 16:31:43 CET 2013]; root of context hierarchy
2013/03/15 16:31:43.081 +0100 INFO [DefaultListableBeanFactory] Pre-instantiating singletons in org.springframework.beans.factory.support.DefaultListableBeanFactory@490342: defining beans [org.springframework.context.annotation.internalConfigurationAnnotationProcessor,org.springframework.context.annotation.internalAutowiredAnnotationProcessor,org.springframework.context.annotation.internalRequiredAnnotationProcessor,org.springframework.context.annotation.internalCommonAnnotationProcessor,hadoopMonitoringController,JMXTrans,configuration,org.springframework.context.annotation.ConfigurationClassPostProcessor$ImportAwareBeanPostProcessor#0]; root of factory hierarchy
2013/03/15 16:31:43.144 +0100 WARN [AutowiredAnnotationBeanPostProcessor] Autowired annotation should be used on methods with actual parameters: public void org.bigloupe.web.monitor.service.JMXTrans.JMXTrans()
2013/03/15 16:31:43.160 +0100 ERROR [BigLoupeConfiguration] Can't load bigloupe-server-url.properties in 'D:\Workspace\Workspace-BigData\bigloupe\java\bigloupe-common\target'
2013/03/15 16:31:43.160 +0100 INFO [BigLoupeConfiguration] >>>>>>>>>>>>>>>> Using server Url : null
2013/03/15 16:31:43.160 +0100 INFO [BigLoupeConfiguration] >>>>>>>>>>>>>>>> Using elastic search server Url : null
2013/03/15 16:32:58.400 +0100 INFO [TestContextManager] @TestExecutionListeners is not present for class [class org.bigloupe.web.monitor.service.JMXTransTest]: using defaults.
2013/03/15 16:32:58.556 +0100 INFO [XmlBeanDefinitionReader] Loading XML bean definitions from class path resource [applicationContext.xml]
2013/03/15 16:32:58.806 +0100 INFO [GenericApplicationContext] Refreshing org.springframework.context.support.GenericApplicationContext@60420f: startup date [Fri Mar 15 16:32:58 CET 2013]; root of context hierarchy
2013/03/15 16:32:58.884 +0100 INFO [DefaultListableBeanFactory] Pre-instantiating singletons in org.springframework.beans.factory.support.DefaultListableBeanFactory@82764b: defining beans [org.springframework.context.annotation.internalConfigurationAnnotationProcessor,org.springframework.context.annotation.internalAutowiredAnnotationProcessor,org.springframework.context.annotation.internalRequiredAnnotationProcessor,org.springframework.context.annotation.internalCommonAnnotationProcessor,hadoopMonitoringController,JMXTrans,configuration,org.springframework.context.annotation.ConfigurationClassPostProcessor$ImportAwareBeanPostProcessor#0]; root of factory hierarchy
2013/03/15 16:32:58.915 +0100 WARN [AutowiredAnnotationBeanPostProcessor] Autowired annotation should be used on methods with actual parameters: public void org.bigloupe.web.monitor.service.JMXTrans.JMXTrans()
2013/03/15 16:32:58.931 +0100 ERROR [BigLoupeConfiguration] Can't load bigloupe-server-url.properties in 'D:\Workspace\Workspace-BigData\bigloupe\java\bigloupe-common\target'
2013/03/15 16:32:58.931 +0100 INFO [BigLoupeConfiguration] >>>>>>>>>>>>>>>> Using server Url : null
2013/03/15 16:32:58.931 +0100 INFO [BigLoupeConfiguration] >>>>>>>>>>>>>>>> Using elastic search server Url : null
2013/03/15 16:32:59.509 +0100 INFO [ConfigurationParser] Loaded EmbeddedJmxTrans{ queries=[], outputWriters=[], numQueryThreads=1, queryIntervalInSeconds=30, numExportThreads=1, exportIntervalInSeconds=5, exportBatchSize=50}
2013/03/15 16:32:59.509 +0100 INFO [GenericApplicationContext] Closing org.springframework.context.support.GenericApplicationContext@60420f: startup date [Fri Mar 15 16:32:58 CET 2013]; root of context hierarchy
2013/03/15 16:32:59.509 +0100 INFO [DefaultListableBeanFactory] Destroying singletons in org.springframework.beans.factory.support.DefaultListableBeanFactory@82764b: defining beans [org.springframework.context.annotation.internalConfigurationAnnotationProcessor,org.springframework.context.annotation.internalAutowiredAnnotationProcessor,org.springframework.context.annotation.internalRequiredAnnotationProcessor,org.springframework.context.annotation.internalCommonAnnotationProcessor,hadoopMonitoringController,JMXTrans,configuration,org.springframework.context.annotation.ConfigurationClassPostProcessor$ImportAwareBeanPostProcessor#0]; root of factory hierarchy
2013/03/15 16:33:47.456 +0100 INFO [TestContextManager] @TestExecutionListeners is not present for class [class org.bigloupe.web.monitor.service.JMXTransTest]: using defaults.
2013/03/15 16:33:47.659 +0100 INFO [XmlBeanDefinitionReader] Loading XML bean definitions from class path resource [applicationContext.xml]
2013/03/15 16:33:47.894 +0100 INFO [GenericApplicationContext] Refreshing org.springframework.context.support.GenericApplicationContext@16917ee: startup date [Fri Mar 15 16:33:47 CET 2013]; root of context hierarchy
2013/03/15 16:33:47.987 +0100 INFO [DefaultListableBeanFactory] Pre-instantiating singletons in org.springframework.beans.factory.support.DefaultListableBeanFactory@d510e8: defining beans [org.springframework.context.annotation.internalConfigurationAnnotationProcessor,org.springframework.context.annotation.internalAutowiredAnnotationProcessor,org.springframework.context.annotation.internalRequiredAnnotationProcessor,org.springframework.context.annotation.internalCommonAnnotationProcessor,hadoopMonitoringController,JMXTrans,configuration,org.springframework.context.annotation.ConfigurationClassPostProcessor$ImportAwareBeanPostProcessor#0]; root of factory hierarchy
2013/03/15 16:33:48.034 +0100 WARN [AutowiredAnnotationBeanPostProcessor] Autowired annotation should be used on methods with actual parameters: public void org.bigloupe.web.monitor.service.JMXTrans.JMXTrans()
2013/03/15 16:33:48.050 +0100 ERROR [BigLoupeConfiguration] Can't load bigloupe-server-url.properties in 'D:\Workspace\Workspace-BigData\bigloupe\java\bigloupe-common\target'
2013/03/15 16:33:48.050 +0100 INFO [BigLoupeConfiguration] >>>>>>>>>>>>>>>> Using server Url : null
2013/03/15 16:33:48.050 +0100 INFO [BigLoupeConfiguration] >>>>>>>>>>>>>>>> Using elastic search server Url : null
2013/03/15 16:36:00.767 +0100 INFO [TestContextManager] @TestExecutionListeners is not present for class [class org.bigloupe.web.monitor.service.JMXTransTest]: using defaults.
2013/03/15 16:36:00.908 +0100 INFO [XmlBeanDefinitionReader] Loading XML bean definitions from class path resource [applicationContext.xml]
2013/03/15 16:36:01.220 +0100 INFO [GenericApplicationContext] Refreshing org.springframework.context.support.GenericApplicationContext@a23610: startup date [Fri Mar 15 16:36:01 CET 2013]; root of context hierarchy
2013/03/15 16:36:01.345 +0100 INFO [DefaultListableBeanFactory] Pre-instantiating singletons in org.springframework.beans.factory.support.DefaultListableBeanFactory@490342: defining beans [org.springframework.context.annotation.internalConfigurationAnnotationProcessor,org.springframework.context.annotation.internalAutowiredAnnotationProcessor,org.springframework.context.annotation.internalRequiredAnnotationProcessor,org.springframework.context.annotation.internalCommonAnnotationProcessor,hadoopMonitoringController,JMXTrans,configuration,org.springframework.context.annotation.ConfigurationClassPostProcessor$ImportAwareBeanPostProcessor#0]; root of factory hierarchy
2013/03/15 16:36:01.408 +0100 WARN [AutowiredAnnotationBeanPostProcessor] Autowired annotation should be used on methods with actual parameters: public void org.bigloupe.web.monitor.service.JMXTrans.JMXTrans()
2013/03/15 16:36:01.423 +0100 ERROR [BigLoupeConfiguration] Can't load bigloupe-server-url.properties in 'D:\Workspace\Workspace-BigData\bigloupe\java\bigloupe-common\target'
2013/03/15 16:36:01.423 +0100 INFO [BigLoupeConfiguration] >>>>>>>>>>>>>>>> Using server Url : null
2013/03/15 16:36:01.423 +0100 INFO [BigLoupeConfiguration] >>>>>>>>>>>>>>>> Using elastic search server Url : null
2013/03/15 16:36:19.452 +0100 INFO [TestContextManager] @TestExecutionListeners is not present for class [class org.bigloupe.web.monitor.service.JMXTransTest]: using defaults.
2013/03/15 16:36:19.593 +0100 INFO [XmlBeanDefinitionReader] Loading XML bean definitions from class path resource [applicationContext.xml]
2013/03/15 16:36:19.827 +0100 INFO [GenericApplicationContext] Refreshing org.springframework.context.support.GenericApplicationContext@16917ee: startup date [Fri Mar 15 16:36:19 CET 2013]; root of context hierarchy
2013/03/15 16:36:19.921 +0100 INFO [DefaultListableBeanFactory] Pre-instantiating singletons in org.springframework.beans.factory.support.DefaultListableBeanFactory@d510e8: defining beans [org.springframework.context.annotation.internalConfigurationAnnotationProcessor,org.springframework.context.annotation.internalAutowiredAnnotationProcessor,org.springframework.context.annotation.internalRequiredAnnotationProcessor,org.springframework.context.annotation.internalCommonAnnotationProcessor,hadoopMonitoringController,JMXTrans,configuration,org.springframework.context.annotation.ConfigurationClassPostProcessor$ImportAwareBeanPostProcessor#0]; root of factory hierarchy
2013/03/15 16:36:19.968 +0100 WARN [AutowiredAnnotationBeanPostProcessor] Autowired annotation should be used on methods with actual parameters: public void org.bigloupe.web.monitor.service.JMXTrans.JMXTrans()
2013/03/15 16:36:19.983 +0100 ERROR [BigLoupeConfiguration] Can't load bigloupe-server-url.properties in 'D:\Workspace\Workspace-BigData\bigloupe\java\bigloupe-common\target'
2013/03/15 16:36:19.983 +0100 INFO [BigLoupeConfiguration] >>>>>>>>>>>>>>>> Using server Url : null
2013/03/15 16:36:19.983 +0100 INFO [BigLoupeConfiguration] >>>>>>>>>>>>>>>> Using elastic search server Url : null
2013/03/15 16:37:06.009 +0100 INFO [TestContextManager] @TestExecutionListeners is not present for class [class org.bigloupe.web.monitor.service.JMXTransTest]: using defaults.
2013/03/15 16:37:06.181 +0100 INFO [XmlBeanDefinitionReader] Loading XML bean definitions from class path resource [applicationContext.xml]
2013/03/15 16:37:06.415 +0100 INFO [GenericApplicationContext] Refreshing org.springframework.context.support.GenericApplicationContext@18b8914: startup date [Fri Mar 15 16:37:06 CET 2013]; root of context hierarchy
2013/03/15 16:37:06.524 +0100 INFO [DefaultListableBeanFactory] Pre-instantiating singletons in org.springframework.beans.factory.support.DefaultListableBeanFactory@1751a9e: defining beans [org.springframework.context.annotation.internalConfigurationAnnotationProcessor,org.springframework.context.annotation.internalAutowiredAnnotationProcessor,org.springframework.context.annotation.internalRequiredAnnotationProcessor,org.springframework.context.annotation.internalCommonAnnotationProcessor,hadoopMonitoringController,JMXTrans,configuration,org.springframework.context.annotation.ConfigurationClassPostProcessor$ImportAwareBeanPostProcessor#0]; root of factory hierarchy
2013/03/15 16:37:06.571 +0100 WARN [AutowiredAnnotationBeanPostProcessor] Autowired annotation should be used on methods with actual parameters: public void org.bigloupe.web.monitor.service.JMXTrans.JMXTrans()
2013/03/15 16:37:06.587 +0100 ERROR [BigLoupeConfiguration] Can't load bigloupe-server-url.properties in 'D:\Workspace\Workspace-BigData\bigloupe\java\bigloupe-common\target'
2013/03/15 16:37:06.587 +0100 INFO [BigLoupeConfiguration] >>>>>>>>>>>>>>>> Using server Url : null
2013/03/15 16:37:06.587 +0100 INFO [BigLoupeConfiguration] >>>>>>>>>>>>>>>> Using elastic search server Url : null
2013/03/15 16:39:54.675 +0100 INFO [TestContextManager] @TestExecutionListeners is not present for class [class org.bigloupe.web.monitor.service.JMXTransTest]: using defaults.
2013/03/15 16:39:54.831 +0100 INFO [XmlBeanDefinitionReader] Loading XML bean definitions from class path resource [applicationContext.xml]
2013/03/15 16:39:55.097 +0100 INFO [GenericApplicationContext] Refreshing org.springframework.context.support.GenericApplicationContext@18b8914: startup date [Fri Mar 15 16:39:55 CET 2013]; root of context hierarchy
2013/03/15 16:39:55.206 +0100 INFO [DefaultListableBeanFactory] Pre-instantiating singletons in org.springframework.beans.factory.support.DefaultListableBeanFactory@1751a9e: defining beans [org.springframework.context.annotation.internalConfigurationAnnotationProcessor,org.springframework.context.annotation.internalAutowiredAnnotationProcessor,org.springframework.context.annotation.internalRequiredAnnotationProcessor,org.springframework.context.annotation.internalCommonAnnotationProcessor,hadoopMonitoringController,JMXTrans,configuration,org.springframework.context.annotation.ConfigurationClassPostProcessor$ImportAwareBeanPostProcessor#0]; root of factory hierarchy
2013/03/15 16:39:55.253 +0100 WARN [AutowiredAnnotationBeanPostProcessor] Autowired annotation should be used on methods with actual parameters: public void org.bigloupe.web.monitor.service.JMXTrans.JMXTrans()
2013/03/15 16:39:55.284 +0100 ERROR [BigLoupeConfiguration] Can't load bigloupe-server-url.properties in 'D:\Workspace\Workspace-BigData\bigloupe\java\bigloupe-common\target'
2013/03/15 16:39:55.284 +0100 INFO [BigLoupeConfiguration] >>>>>>>>>>>>>>>> Using server Url : null
2013/03/15 16:39:55.284 +0100 INFO [BigLoupeConfiguration] >>>>>>>>>>>>>>>> Using elastic search server Url : null
2013/03/15 16:40:05.751 +0100 INFO [GenericApplicationContext] Closing org.springframework.context.support.GenericApplicationContext@18b8914: startup date [Fri Mar 15 16:39:55 CET 2013]; root of context hierarchy
2013/03/15 16:40:05.751 +0100 INFO [DefaultListableBeanFactory] Destroying singletons in org.springframework.beans.factory.support.DefaultListableBeanFactory@1751a9e: defining beans [org.springframework.context.annotation.internalConfigurationAnnotationProcessor,org.springframework.context.annotation.internalAutowiredAnnotationProcessor,org.springframework.context.annotation.internalRequiredAnnotationProcessor,org.springframework.context.annotation.internalCommonAnnotationProcessor,hadoopMonitoringController,JMXTrans,configuration,org.springframework.context.annotation.ConfigurationClassPostProcessor$ImportAwareBeanPostProcessor#0]; root of factory hierarchy
2013/03/15 16:40:25.343 +0100 INFO [TestContextManager] @TestExecutionListeners is not present for class [class org.bigloupe.web.monitor.service.JMXTransTest]: using defaults.
2013/03/15 16:40:25.546 +0100 INFO [XmlBeanDefinitionReader] Loading XML bean definitions from class path resource [applicationContext.xml]
2013/03/15 16:40:25.858 +0100 INFO [GenericApplicationContext] Refreshing org.springframework.context.support.GenericApplicationContext@a23610: startup date [Fri Mar 15 16:40:25 CET 2013]; root of context hierarchy
2013/03/15 16:40:25.968 +0100 INFO [DefaultListableBeanFactory] Pre-instantiating singletons in org.springframework.beans.factory.support.DefaultListableBeanFactory@490342: defining beans [org.springframework.context.annotation.internalConfigurationAnnotationProcessor,org.springframework.context.annotation.internalAutowiredAnnotationProcessor,org.springframework.context.annotation.internalRequiredAnnotationProcessor,org.springframework.context.annotation.internalCommonAnnotationProcessor,hadoopMonitoringController,JMXTrans,configuration,org.springframework.context.annotation.ConfigurationClassPostProcessor$ImportAwareBeanPostProcessor#0]; root of factory hierarchy
2013/03/15 16:40:26.030 +0100 WARN [AutowiredAnnotationBeanPostProcessor] Autowired annotation should be used on methods with actual parameters: public void org.bigloupe.web.monitor.service.JMXTrans.JMXTrans()
2013/03/15 16:40:26.061 +0100 ERROR [BigLoupeConfiguration] Can't load bigloupe-server-url.properties in 'D:\Workspace\Workspace-BigData\bigloupe\java\bigloupe-common\target'
2013/03/15 16:40:26.061 +0100 INFO [BigLoupeConfiguration] >>>>>>>>>>>>>>>> Using server Url : null
2013/03/15 16:40:26.061 +0100 INFO [BigLoupeConfiguration] >>>>>>>>>>>>>>>> Using elastic search server Url : null
2013/03/15 16:44:35.029 +0100 INFO [TestContextManager] @TestExecutionListeners is not present for class [class org.bigloupe.web.monitor.service.JMXTransTest]: using defaults.
2013/03/15 16:44:35.201 +0100 INFO [XmlBeanDefinitionReader] Loading XML bean definitions from class path resource [applicationContext.xml]
2013/03/15 16:44:35.467 +0100 INFO [GenericApplicationContext] Refreshing org.springframework.context.support.GenericApplicationContext@16917ee: startup date [Fri Mar 15 16:44:35 CET 2013]; root of context hierarchy
2013/03/15 16:44:35.561 +0100 INFO [DefaultListableBeanFactory] Pre-instantiating singletons in org.springframework.beans.factory.support.DefaultListableBeanFactory@d510e8: defining beans [org.springframework.context.annotation.internalConfigurationAnnotationProcessor,org.springframework.context.annotation.internalAutowiredAnnotationProcessor,org.springframework.context.annotation.internalRequiredAnnotationProcessor,org.springframework.context.annotation.internalCommonAnnotationProcessor,hadoopMonitoringController,JMXTrans,configuration,org.springframework.context.annotation.ConfigurationClassPostProcessor$ImportAwareBeanPostProcessor#0]; root of factory hierarchy
2013/03/15 16:44:35.623 +0100 WARN [AutowiredAnnotationBeanPostProcessor] Autowired annotation should be used on methods with actual parameters: public void org.bigloupe.web.monitor.service.JMXTrans.JMXTrans()
2013/03/15 16:44:35.654 +0100 ERROR [BigLoupeConfiguration] Can't load bigloupe-server-url.properties in 'D:\Workspace\Workspace-BigData\bigloupe\java\bigloupe-common\target'
2013/03/15 16:44:35.654 +0100 INFO [BigLoupeConfiguration] >>>>>>>>>>>>>>>> Using server Url : null
2013/03/15 16:44:35.654 +0100 INFO [BigLoupeConfiguration] >>>>>>>>>>>>>>>> Using elastic search server Url : null
2013/03/15 16:48:47.872 +0100 INFO [GenericApplicationContext] Closing org.springframework.context.support.GenericApplicationContext@16917ee: startup date [Fri Mar 15 16:44:35 CET 2013]; root of context hierarchy
2013/03/15 16:48:47.872 +0100 INFO [DefaultListableBeanFactory] Destroying singletons in org.springframework.beans.factory.support.DefaultListableBeanFactory@d510e8: defining beans [org.springframework.context.annotation.internalConfigurationAnnotationProcessor,org.springframework.context.annotation.internalAutowiredAnnotationProcessor,org.springframework.context.annotation.internalRequiredAnnotationProcessor,org.springframework.context.annotation.internalCommonAnnotationProcessor,hadoopMonitoringController,JMXTrans,configuration,org.springframework.context.annotation.ConfigurationClassPostProcessor$ImportAwareBeanPostProcessor#0]; root of factory hierarchy
2013/03/15 16:51:02.636 +0100 INFO [TestContextManager] @TestExecutionListeners is not present for class [class org.bigloupe.web.monitor.service.JMXTransTest]: using defaults.
2013/03/15 16:51:02.824 +0100 INFO [XmlBeanDefinitionReader] Loading XML bean definitions from class path resource [applicationContext.xml]
2013/03/15 16:51:03.089 +0100 INFO [GenericApplicationContext] Refreshing org.springframework.context.support.GenericApplicationContext@1f54c5f: startup date [Fri Mar 15 16:51:03 CET 2013]; root of context hierarchy
2013/03/15 16:51:03.261 +0100 INFO [DefaultListableBeanFactory] Pre-instantiating singletons in org.springframework.beans.factory.support.DefaultListableBeanFactory@407166: defining beans [org.springframework.context.annotation.internalConfigurationAnnotationProcessor,org.springframework.context.annotation.internalAutowiredAnnotationProcessor,org.springframework.context.annotation.internalRequiredAnnotationProcessor,org.springframework.context.annotation.internalCommonAnnotationProcessor,hadoopMonitoringController,JMXTrans,configuration,org.springframework.context.annotation.ConfigurationClassPostProcessor$ImportAwareBeanPostProcessor#0]; root of factory hierarchy
2013/03/15 16:51:03.355 +0100 WARN [AutowiredAnnotationBeanPostProcessor] Autowired annotation should be used on methods with actual parameters: public void org.bigloupe.web.monitor.service.JMXTrans.JMXTrans()
2013/03/15 16:51:03.386 +0100 ERROR [BigLoupeConfiguration] Can't load bigloupe-server-url.properties in 'D:\Workspace\Workspace-BigData\bigloupe\java\bigloupe-common\target'
2013/03/15 16:51:03.386 +0100 INFO [BigLoupeConfiguration] >>>>>>>>>>>>>>>> Using server Url : null
2013/03/15 16:51:03.386 +0100 INFO [BigLoupeConfiguration] >>>>>>>>>>>>>>>> Using elastic search server Url : null
2013/03/15 16:52:09.362 +0100 INFO [GenericApplicationContext] Closing org.springframework.context.support.GenericApplicationContext@1f54c5f: startup date [Fri Mar 15 16:51:03 CET 2013]; root of context hierarchy
2013/03/15 16:52:09.362 +0100 INFO [DefaultListableBeanFactory] Destroying singletons in org.springframework.beans.factory.support.DefaultListableBeanFactory@407166: defining beans [org.springframework.context.annotation.internalConfigurationAnnotationProcessor,org.springframework.context.annotation.internalAutowiredAnnotationProcessor,org.springframework.context.annotation.internalRequiredAnnotationProcessor,org.springframework.context.annotation.internalCommonAnnotationProcessor,hadoopMonitoringController,JMXTrans,configuration,org.springframework.context.annotation.ConfigurationClassPostProcessor$ImportAwareBeanPostProcessor#0]; root of factory hierarchy
2013/03/15 16:54:06.425 +0100 INFO [TestContextManager] @TestExecutionListeners is not present for class [class org.bigloupe.web.monitor.service.JMXTransTest]: using defaults.
2013/03/15 16:54:06.566 +0100 INFO [XmlBeanDefinitionReader] Loading XML bean definitions from class path resource [applicationContext.xml]
2013/03/15 16:54:06.800 +0100 INFO [GenericApplicationContext] Refreshing org.springframework.context.support.GenericApplicationContext@1e97676: startup date [Fri Mar 15 16:54:06 CET 2013]; root of context hierarchy
2013/03/15 16:54:06.894 +0100 INFO [DefaultListableBeanFactory] Pre-instantiating singletons in org.springframework.beans.factory.support.DefaultListableBeanFactory@11671b2: defining beans [org.springframework.context.annotation.internalConfigurationAnnotationProcessor,org.springframework.context.annotation.internalAutowiredAnnotationProcessor,org.springframework.context.annotation.internalRequiredAnnotationProcessor,org.springframework.context.annotation.internalCommonAnnotationProcessor,hadoopMonitoringController,JMXTrans,configuration,org.springframework.context.annotation.ConfigurationClassPostProcessor$ImportAwareBeanPostProcessor#0]; root of factory hierarchy
2013/03/15 16:54:06.925 +0100 WARN [AutowiredAnnotationBeanPostProcessor] Autowired annotation should be used on methods with actual parameters: public void org.bigloupe.web.monitor.service.JMXTrans.JMXTrans()
2013/03/15 16:54:06.941 +0100 ERROR [BigLoupeConfiguration] Can't load bigloupe-server-url.properties in 'D:\Workspace\Workspace-BigData\bigloupe\java\bigloupe-common\target'
2013/03/15 16:54:06.941 +0100 INFO [BigLoupeConfiguration] >>>>>>>>>>>>>>>> Using server Url : null
2013/03/15 16:54:06.941 +0100 INFO [BigLoupeConfiguration] >>>>>>>>>>>>>>>> Using elastic search server Url : null
2013/03/15 16:54:07.331 +0100 INFO [GenericApplicationContext] Closing org.springframework.context.support.GenericApplicationContext@1e97676: startup date [Fri Mar 15 16:54:06 CET 2013]; root of context hierarchy
2013/03/15 16:54:07.331 +0100 INFO [DefaultListableBeanFactory] Destroying singletons in org.springframework.beans.factory.support.DefaultListableBeanFactory@11671b2: defining beans [org.springframework.context.annotation.internalConfigurationAnnotationProcessor,org.springframework.context.annotation.internalAutowiredAnnotationProcessor,org.springframework.context.annotation.internalRequiredAnnotationProcessor,org.springframework.context.annotation.internalCommonAnnotationProcessor,hadoopMonitoringController,JMXTrans,configuration,org.springframework.context.annotation.ConfigurationClassPostProcessor$ImportAwareBeanPostProcessor#0]; root of factory hierarchy
2013/03/15 16:54:27.297 +0100 INFO [TestContextManager] @TestExecutionListeners is not present for class [class org.bigloupe.web.monitor.service.JMXTransTest]: using defaults.
2013/03/15 16:54:27.469 +0100 INFO [XmlBeanDefinitionReader] Loading XML bean definitions from class path resource [applicationContext.xml]
2013/03/15 16:54:27.766 +0100 INFO [GenericApplicationContext] Refreshing org.springframework.context.support.GenericApplicationContext@18b8914: startup date [Fri Mar 15 16:54:27 CET 2013]; root of context hierarchy
2013/03/15 16:54:27.891 +0100 INFO [DefaultListableBeanFactory] Pre-instantiating singletons in org.springframework.beans.factory.support.DefaultListableBeanFactory@1751a9e: defining beans [org.springframework.context.annotation.internalConfigurationAnnotationProcessor,org.springframework.context.annotation.internalAutowiredAnnotationProcessor,org.springframework.context.annotation.internalRequiredAnnotationProcessor,org.springframework.context.annotation.internalCommonAnnotationProcessor,hadoopMonitoringController,JMXTrans,configuration,org.springframework.context.annotation.ConfigurationClassPostProcessor$ImportAwareBeanPostProcessor#0]; root of factory hierarchy
2013/03/15 16:54:27.985 +0100 WARN [AutowiredAnnotationBeanPostProcessor] Autowired annotation should be used on methods with actual parameters: public void org.bigloupe.web.monitor.service.JMXTrans.JMXTrans()
2013/03/15 16:54:28.000 +0100 ERROR [BigLoupeConfiguration] Can't load bigloupe-server-url.properties in 'D:\Workspace\Workspace-BigData\bigloupe\java\bigloupe-common\target'
2013/03/15 16:54:28.000 +0100 INFO [BigLoupeConfiguration] >>>>>>>>>>>>>>>> Using server Url : null
2013/03/15 16:54:28.000 +0100 INFO [BigLoupeConfiguration] >>>>>>>>>>>>>>>> Using elastic search server Url : null
2013/03/15 16:54:51.154 +0100 INFO [GenericApplicationContext] Closing org.springframework.context.support.GenericApplicationContext@18b8914: startup date [Fri Mar 15 16:54:27 CET 2013]; root of context hierarchy
2013/03/15 16:54:51.154 +0100 INFO [DefaultListableBeanFactory] Destroying singletons in org.springframework.beans.factory.support.DefaultListableBeanFactory@1751a9e: defining beans [org.springframework.context.annotation.internalConfigurationAnnotationProcessor,org.springframework.context.annotation.internalAutowiredAnnotationProcessor,org.springframework.context.annotation.internalRequiredAnnotationProcessor,org.springframework.context.annotation.internalCommonAnnotationProcessor,hadoopMonitoringController,JMXTrans,configuration,org.springframework.context.annotation.ConfigurationClassPostProcessor$ImportAwareBeanPostProcessor#0]; root of factory hierarchy
2013/03/15 16:55:27.883 +0100 INFO [TestContextManager] @TestExecutionListeners is not present for class [class org.bigloupe.web.monitor.service.JMXTransTest]: using defaults.
2013/03/15 16:55:28.040 +0100 INFO [XmlBeanDefinitionReader] Loading XML bean definitions from class path resource [applicationContext.xml]
2013/03/15 16:55:28.290 +0100 INFO [GenericApplicationContext] Refreshing org.springframework.context.support.GenericApplicationContext@19106c7: startup date [Fri Mar 15 16:55:28 CET 2013]; root of context hierarchy
2013/03/15 16:55:28.368 +0100 INFO [DefaultListableBeanFactory] Pre-instantiating singletons in org.springframework.beans.factory.support.DefaultListableBeanFactory@11671b2: defining beans [org.springframework.context.annotation.internalConfigurationAnnotationProcessor,org.springframework.context.annotation.internalAutowiredAnnotationProcessor,org.springframework.context.annotation.internalRequiredAnnotationProcessor,org.springframework.context.annotation.internalCommonAnnotationProcessor,hadoopMonitoringController,JMXTrans,configuration,org.springframework.context.annotation.ConfigurationClassPostProcessor$ImportAwareBeanPostProcessor#0]; root of factory hierarchy
2013/03/15 16:55:28.399 +0100 WARN [AutowiredAnnotationBeanPostProcessor] Autowired annotation should be used on methods with actual parameters: public void org.bigloupe.web.monitor.service.JMXTrans.JMXTrans()
2013/03/15 16:55:28.415 +0100 ERROR [BigLoupeConfiguration] Can't load bigloupe-server-url.properties in 'D:\Workspace\Workspace-BigData\bigloupe\java\bigloupe-common\target'
2013/03/15 16:55:28.415 +0100 INFO [BigLoupeConfiguration] >>>>>>>>>>>>>>>> Using server Url : null
2013/03/15 16:55:28.415 +0100 INFO [BigLoupeConfiguration] >>>>>>>>>>>>>>>> Using elastic search server Url : null
2013/03/15 16:55:28.711 +0100 INFO [GenericApplicationContext] Closing org.springframework.context.support.GenericApplicationContext@19106c7: startup date [Fri Mar 15 16:55:28 CET 2013]; root of context hierarchy
2013/03/15 16:55:28.711 +0100 INFO [DefaultListableBeanFactory] Destroying singletons in org.springframework.beans.factory.support.DefaultListableBeanFactory@11671b2: defining beans [org.springframework.context.annotation.internalConfigurationAnnotationProcessor,org.springframework.context.annotation.internalAutowiredAnnotationProcessor,org.springframework.context.annotation.internalRequiredAnnotationProcessor,org.springframework.context.annotation.internalCommonAnnotationProcessor,hadoopMonitoringController,JMXTrans,configuration,org.springframework.context.annotation.ConfigurationClassPostProcessor$ImportAwareBeanPostProcessor#0]; root of factory hierarchy
2013/03/15 16:55:39.897 +0100 INFO [TestContextManager] @TestExecutionListeners is not present for class [class org.bigloupe.web.monitor.service.JMXTransTest]: using defaults.
2013/03/15 16:55:40.054 +0100 INFO [XmlBeanDefinitionReader] Loading XML bean definitions from class path resource [applicationContext.xml]
2013/03/15 16:55:40.288 +0100 INFO [GenericApplicationContext] Refreshing org.springframework.context.support.GenericApplicationContext@a23610: startup date [Fri Mar 15 16:55:40 CET 2013]; root of context hierarchy
2013/03/15 16:55:40.382 +0100 INFO [DefaultListableBeanFactory] Pre-instantiating singletons in org.springframework.beans.factory.support.DefaultListableBeanFactory@490342: defining beans [org.springframework.context.annotation.internalConfigurationAnnotationProcessor,org.springframework.context.annotation.internalAutowiredAnnotationProcessor,org.springframework.context.annotation.internalRequiredAnnotationProcessor,org.springframework.context.annotation.internalCommonAnnotationProcessor,hadoopMonitoringController,JMXTrans,configuration,org.springframework.context.annotation.ConfigurationClassPostProcessor$ImportAwareBeanPostProcessor#0]; root of factory hierarchy
2013/03/15 16:55:40.444 +0100 WARN [AutowiredAnnotationBeanPostProcessor] Autowired annotation should be used on methods with actual parameters: public void org.bigloupe.web.monitor.service.JMXTrans.JMXTrans()
2013/03/15 16:55:40.460 +0100 ERROR [BigLoupeConfiguration] Can't load bigloupe-server-url.properties in 'D:\Workspace\Workspace-BigData\bigloupe\java\bigloupe-common\target'
2013/03/15 16:55:40.460 +0100 INFO [BigLoupeConfiguration] >>>>>>>>>>>>>>>> Using server Url : null
2013/03/15 16:55:40.460 +0100 INFO [BigLoupeConfiguration] >>>>>>>>>>>>>>>> Using elastic search server Url : null
2013/03/15 16:56:28.454 +0100 INFO [TestContextManager] @TestExecutionListeners is not present for class [class org.bigloupe.web.monitor.service.JMXTransTest]: using defaults.
2013/03/15 16:56:28.657 +0100 INFO [XmlBeanDefinitionReader] Loading XML bean definitions from class path resource [applicationContext.xml]
2013/03/15 16:56:28.907 +0100 INFO [GenericApplicationContext] Refreshing org.springframework.context.support.GenericApplicationContext@1e97676: startup date [Fri Mar 15 16:56:28 CET 2013]; root of context hierarchy
2013/03/15 16:56:28.985 +0100 INFO [DefaultListableBeanFactory] Pre-instantiating singletons in org.springframework.beans.factory.support.DefaultListableBeanFactory@1e3cd51: defining beans [org.springframework.context.annotation.internalConfigurationAnnotationProcessor,org.springframework.context.annotation.internalAutowiredAnnotationProcessor,org.springframework.context.annotation.internalRequiredAnnotationProcessor,org.springframework.context.annotation.internalCommonAnnotationProcessor,hadoopMonitoringController,JMXTrans,configuration,org.springframework.context.annotation.ConfigurationClassPostProcessor$ImportAwareBeanPostProcessor#0]; root of factory hierarchy
2013/03/15 16:56:29.016 +0100 WARN [AutowiredAnnotationBeanPostProcessor] Autowired annotation should be used on methods with actual parameters: public void org.bigloupe.web.monitor.service.JMXTrans.JMXTrans()
2013/03/15 16:56:29.032 +0100 ERROR [BigLoupeConfiguration] Can't load bigloupe-server-url.properties in 'D:\Workspace\Workspace-BigData\bigloupe\java\bigloupe-common\target'
2013/03/15 16:56:29.032 +0100 INFO [BigLoupeConfiguration] >>>>>>>>>>>>>>>> Using server Url : null
2013/03/15 16:56:29.032 +0100 INFO [BigLoupeConfiguration] >>>>>>>>>>>>>>>> Using elastic search server Url : null
2013/03/15 16:56:29.407 +0100 INFO [ConfigurationParser] Loaded EmbeddedJmxTrans{ queries=[], outputWriters=[], numQueryThreads=1, queryIntervalInSeconds=30, numExportThreads=1, exportIntervalInSeconds=5, exportBatchSize=50}
2013/03/15 16:56:29.407 +0100 INFO [ConfigurationParser] Loaded EmbeddedJmxTrans{ queries=[], outputWriters=[], numQueryThreads=1, queryIntervalInSeconds=30, numExportThreads=1, exportIntervalInSeconds=5, exportBatchSize=50}
2013/03/15 16:56:29.407 +0100 INFO [ConfigurationParser] Loaded EmbeddedJmxTrans{ queries=[], outputWriters=[], numQueryThreads=1, queryIntervalInSeconds=30, numExportThreads=1, exportIntervalInSeconds=5, exportBatchSize=50}
2013/03/15 16:56:29.407 +0100 INFO [ConfigurationParser] Loaded EmbeddedJmxTrans{ queries=[], outputWriters=[], numQueryThreads=1, queryIntervalInSeconds=30, numExportThreads=1, exportIntervalInSeconds=5, exportBatchSize=50}
2013/03/15 16:56:29.407 +0100 INFO [ConfigurationParser] Loaded EmbeddedJmxTrans{ queries=[], outputWriters=[], numQueryThreads=1, queryIntervalInSeconds=30, numExportThreads=1, exportIntervalInSeconds=5, exportBatchSize=50}
2013/03/15 16:56:29.407 +0100 INFO [ConfigurationParser] Loaded EmbeddedJmxTrans{ queries=[], outputWriters=[], numQueryThreads=1, queryIntervalInSeconds=30, numExportThreads=1, exportIntervalInSeconds=5, exportBatchSize=50}
2013/03/15 16:56:29.407 +0100 INFO [GenericApplicationContext] Closing org.springframework.context.support.GenericApplicationContext@1e97676: startup date [Fri Mar 15 16:56:28 CET 2013]; root of context hierarchy
2013/03/15 16:56:29.407 +0100 INFO [DefaultListableBeanFactory] Destroying singletons in org.springframework.beans.factory.support.DefaultListableBeanFactory@1e3cd51: defining beans [org.springframework.context.annotation.internalConfigurationAnnotationProcessor,org.springframework.context.annotation.internalAutowiredAnnotationProcessor,org.springframework.context.annotation.internalRequiredAnnotationProcessor,org.springframework.context.annotation.internalCommonAnnotationProcessor,hadoopMonitoringController,JMXTrans,configuration,org.springframework.context.annotation.ConfigurationClassPostProcessor$ImportAwareBeanPostProcessor#0]; root of factory hierarchy
2013/03/15 17:06:02.911 +0100 INFO [TestContextManager] @TestExecutionListeners is not present for class [class org.bigloupe.web.monitor.service.JMXTransTest]: using defaults.
2013/03/15 17:06:03.068 +0100 INFO [XmlBeanDefinitionReader] Loading XML bean definitions from class path resource [applicationContext.xml]
2013/03/15 17:06:03.271 +0100 INFO [GenericApplicationContext] Refreshing org.springframework.context.support.GenericApplicationContext@60420f: startup date [Fri Mar 15 17:06:03 CET 2013]; root of context hierarchy
2013/03/15 17:06:03.349 +0100 INFO [DefaultListableBeanFactory] Pre-instantiating singletons in org.springframework.beans.factory.support.DefaultListableBeanFactory@bc8e1e: defining beans [org.springframework.context.annotation.internalConfigurationAnnotationProcessor,org.springframework.context.annotation.internalAutowiredAnnotationProcessor,org.springframework.context.annotation.internalRequiredAnnotationProcessor,org.springframework.context.annotation.internalCommonAnnotationProcessor,hadoopMonitoringController,JMXTrans,configuration,org.springframework.context.annotation.ConfigurationClassPostProcessor$ImportAwareBeanPostProcessor#0]; root of factory hierarchy
2013/03/15 17:06:03.380 +0100 WARN [AutowiredAnnotationBeanPostProcessor] Autowired annotation should be used on methods with actual parameters: public void org.bigloupe.web.monitor.service.JMXTrans.JMXTrans()
2013/03/15 17:06:03.396 +0100 ERROR [BigLoupeConfiguration] Can't load bigloupe-server-url.properties in 'D:\Workspace\Workspace-BigData\bigloupe\java\bigloupe-common\target'
2013/03/15 17:06:03.396 +0100 INFO [BigLoupeConfiguration] >>>>>>>>>>>>>>>> Using server Url : null
2013/03/15 17:06:03.396 +0100 INFO [BigLoupeConfiguration] >>>>>>>>>>>>>>>> Using elastic search server Url : null
2013/03/15 17:06:03.739 +0100 INFO [ConfigurationParser] Loaded EmbeddedJmxTrans{ queries=[], outputWriters=[], numQueryThreads=1, queryIntervalInSeconds=30, numExportThreads=1, exportIntervalInSeconds=5, exportBatchSize=50}
2013/03/15 17:06:03.739 +0100 INFO [ConfigurationParser] Loaded EmbeddedJmxTrans{ queries=[], outputWriters=[], numQueryThreads=1, queryIntervalInSeconds=30, numExportThreads=1, exportIntervalInSeconds=5, exportBatchSize=50}
2013/03/15 17:06:03.739 +0100 INFO [ConfigurationParser] Loaded EmbeddedJmxTrans{ queries=[], outputWriters=[], numQueryThreads=1, queryIntervalInSeconds=30, numExportThreads=1, exportIntervalInSeconds=5, exportBatchSize=50}
2013/03/15 17:06:03.739 +0100 INFO [ConfigurationParser] Loaded EmbeddedJmxTrans{ queries=[], outputWriters=[], numQueryThreads=1, queryIntervalInSeconds=30, numExportThreads=1, exportIntervalInSeconds=5, exportBatchSize=50}
2013/03/15 17:06:03.739 +0100 INFO [ConfigurationParser] Loaded EmbeddedJmxTrans{ queries=[], outputWriters=[], numQueryThreads=1, queryIntervalInSeconds=30, numExportThreads=1, exportIntervalInSeconds=5, exportBatchSize=50}
2013/03/15 17:06:03.739 +0100 INFO [ConfigurationParser] Loaded EmbeddedJmxTrans{ queries=[], outputWriters=[], numQueryThreads=1, queryIntervalInSeconds=30, numExportThreads=1, exportIntervalInSeconds=5, exportBatchSize=50}
2013/03/15 17:06:03.739 +0100 INFO [JMXTrans] Created EmbeddedJmxTrans with configuration [[..\bigloupe-war\src\main\webapp\hdfs\cluster\conf_tst-hadoopkarmashaqal-st.france.airfrance.fr\jmxtrans-hadoop-namenode-tst-hadoopkarmashaqal-st.france.airfrance.fr.json, ..\bigloupe-war\src\main\webapp\hdfs\cluster\conf_qvirkfs1.france.airfrance.fr\jmxtrans-hadoop-namenode-qvirkfs1.france.airfrance.fr.json, ..\bigloupe-war\src\main\webapp\hdfs\cluster\conf_qvidbkartn01.france.airfrance.fr\jmxtrans-hadoop-namenode-qvidbkartn01.france.airfrance.fr.json, ..\bigloupe-war\src\main\webapp\hdfs\cluster\conf_lh-hadoopkarmaqua-st.france.airfrance.fr\jmxtrans-hadoop-namenode-lh-hadoopkarmaqua-st.france.airfrance.fr.json, ..\bigloupe-war\src\main\webapp\hdfs\cluster\conf_lh-hadoopkarmaprod-st.france.airfrance.fr\jmxtrans-hadoop-namenode-lh-hadoopkarmaprod-st.france.airfrance.fr.json, ..\bigloupe-war\src\main\webapp\hdfs\cluster\conf_localhost\jmxtrans-hadoop-namenode-localhost.json]])
2013/03/15 17:06:03.771 +0100 INFO [SpringEmbeddedJmxTrans] EmbeddedJmxTrans started
2013/03/15 17:06:03.786 +0100 INFO [SpringEmbeddedJmxTrans] EmbeddedJmxTransShutdownHook collected and exported metrics
2013/03/15 17:06:03.786 +0100 INFO [GenericApplicationContext] Closing org.springframework.context.support.GenericApplicationContext@60420f: startup date [Fri Mar 15 17:06:03 CET 2013]; root of context hierarchy
2013/03/15 17:06:03.786 +0100 INFO [DefaultListableBeanFactory] Destroying singletons in org.springframework.beans.factory.support.DefaultListableBeanFactory@bc8e1e: defining beans [org.springframework.context.annotation.internalConfigurationAnnotationProcessor,org.springframework.context.annotation.internalAutowiredAnnotationProcessor,org.springframework.context.annotation.internalRequiredAnnotationProcessor,org.springframework.context.annotation.internalCommonAnnotationProcessor,hadoopMonitoringController,JMXTrans,configuration,org.springframework.context.annotation.ConfigurationClassPostProcessor$ImportAwareBeanPostProcessor#0]; root of factory hierarchy
2013/03/18 19:33:44.486 +0100 INFO [ClassPathXmlApplicationContext] Refreshing org.springframework.context.support.ClassPathXmlApplicationContext@15601ea: startup date [Mon Mar 18 19:33:44 CET 2013]; root of context hierarchy
2013/03/18 19:33:44.595 +0100 INFO [XmlBeanDefinitionReader] Loading XML bean definitions from class path resource [applicationContext.xml]
