Pig Stack Trace
---------------
ERROR 2999: Unexpected internal error. Undefined parameter : fileToFilter

java.lang.RuntimeException: Undefined parameter : fileToFilter
	at org.apache.pig.tools.parameters.PreprocessorContext.substitute(PreprocessorContext.java:232)
	at org.apache.pig.tools.parameters.PigFileParser.input(PigFileParser.java:65)
	at org.apache.pig.tools.parameters.PigFileParser.Parse(PigFileParser.java:43)
	at org.apache.pig.tools.parameters.ParameterSubstitutionPreprocessor.parsePigFile(ParameterSubstitutionPreprocessor.java:105)
	at org.apache.pig.tools.parameters.ParameterSubstitutionPreprocessor.genSubstitutedFile(ParameterSubstitutionPreprocessor.java:98)
	at org.apache.pig.tools.grunt.GruntParser.runPreprocessor(GruntParser.java:448)
	at org.apache.pig.tools.grunt.GruntParser.loadScript(GruntParser.java:497)
	at org.apache.pig.tools.grunt.GruntParser.processExplain(GruntParser.java:320)
	at org.apache.pig.tools.grunt.GruntParser.processExplain(GruntParser.java:294)
	at org.apache.pig.tools.pigscript.parser.PigScriptParser.Explain(PigScriptParser.java:715)
	at org.apache.pig.tools.pigscript.parser.PigScriptParser.parse(PigScriptParser.java:342)
	at org.apache.pig.tools.grunt.GruntParser.parseStopOnError(GruntParser.java:194)
	at org.apache.pig.tools.grunt.GruntParser.parseStopOnError(GruntParser.java:170)
	at org.apache.pig.tools.grunt.Grunt.exec(Grunt.java:84)
	at org.apache.pig.Main.run(Main.java:503)
	at org.apache.pig.Main.main(Main.java:154)
	at org.bigloupe.web.controller.PigLauncherController.explainScriptletUsedInJob(PigLauncherController.java:366)
	at sun.reflect.NativeMethodAccessorImpl.invoke0(Native Method)
	at sun.reflect.NativeMethodAccessorImpl.invoke(NativeMethodAccessorImpl.java:57)
	at sun.reflect.DelegatingMethodAccessorImpl.invoke(DelegatingMethodAccessorImpl.java:43)
	at java.lang.reflect.Method.invoke(Method.java:601)
	at org.springframework.web.method.support.InvocableHandlerMethod.invoke(InvocableHandlerMethod.java:213)
	at org.springframework.web.method.support.InvocableHandlerMethod.invokeForRequest(InvocableHandlerMethod.java:126)
	at org.springframework.web.servlet.mvc.method.annotation.ServletInvocableHandlerMethod.invokeAndHandle(ServletInvocableHandlerMethod.java:96)
	at org.springframework.web.servlet.mvc.method.annotation.RequestMappingHandlerAdapter.invokeHandlerMethod(RequestMappingHandlerAdapter.java:617)
	at org.springframework.web.servlet.mvc.method.annotation.RequestMappingHandlerAdapter.handleInternal(RequestMappingHandlerAdapter.java:578)
	at org.springframework.web.servlet.mvc.method.AbstractHandlerMethodAdapter.handle(AbstractHandlerMethodAdapter.java:80)
	at org.springframework.web.servlet.DispatcherServlet.doDispatch(DispatcherServlet.java:923)
	at org.springframework.web.servlet.DispatcherServlet.doService(DispatcherServlet.java:852)
	at org.springframework.web.servlet.FrameworkServlet.processRequest(FrameworkServlet.java:882)
	at org.springframework.web.servlet.FrameworkServlet.doGet(FrameworkServlet.java:778)
	at javax.servlet.http.HttpServlet.service(HttpServlet.java:735)
	at javax.servlet.http.HttpServlet.service(HttpServlet.java:848)
	at org.atmosphere.util.AtmosphereFilterChain.doFilter(AtmosphereFilterChain.java:171)
	at org.atmosphere.util.AtmosphereFilterChain.invokeFilterChain(AtmosphereFilterChain.java:132)
	at org.atmosphere.handler.ReflectorServletProcessor$FilterChainServletWrapper.service(ReflectorServletProcessor.java:311)
	at org.atmosphere.handler.ReflectorServletProcessor.onRequest(ReflectorServletProcessor.java:169)
	at org.atmosphere.cpr.AsynchronousProcessor.action(AsynchronousProcessor.java:256)
	at org.atmosphere.cpr.AsynchronousProcessor.suspended(AsynchronousProcessor.java:166)
	at org.atmosphere.container.Jetty7CometSupport.service(Jetty7CometSupport.java:96)
	at org.atmosphere.container.JettyAsyncSupportWithWebSocket.service(JettyAsyncSupportWithWebSocket.java:67)
	at org.atmosphere.cpr.AtmosphereFramework.doCometSupport(AtmosphereFramework.java:1292)
	at org.atmosphere.cpr.AtmosphereServlet.doPost(AtmosphereServlet.java:293)
	at org.atmosphere.cpr.AtmosphereServlet.doGet(AtmosphereServlet.java:279)
	at javax.servlet.http.HttpServlet.service(HttpServlet.java:735)
	at javax.servlet.http.HttpServlet.service(HttpServlet.java:848)
	at org.eclipse.jetty.servlet.ServletHolder.handle(ServletHolder.java:598)
	at org.eclipse.jetty.servlet.ServletHandler$CachedChain.doFilter(ServletHandler.java:1367)
	at org.tuckey.web.filters.urlrewrite.RuleChain.handleRewrite(RuleChain.java:164)
	at org.tuckey.web.filters.urlrewrite.RuleChain.doRules(RuleChain.java:141)
	at org.tuckey.web.filters.urlrewrite.UrlRewriter.processRequest(UrlRewriter.java:90)
	at org.tuckey.web.filters.urlrewrite.UrlRewriteFilter.doFilter(UrlRewriteFilter.java:417)
	at org.eclipse.jetty.servlet.ServletHandler$CachedChain.doFilter(ServletHandler.java:1338)
	at org.bigloupe.web.filter.ConfigurationFilter.doFilter(ConfigurationFilter.java:71)
	at org.eclipse.jetty.servlet.ServletHandler$CachedChain.doFilter(ServletHandler.java:1338)
	at org.springframework.web.filter.CharacterEncodingFilter.doFilterInternal(CharacterEncodingFilter.java:88)
	at org.springframework.web.filter.OncePerRequestFilter.doFilter(OncePerRequestFilter.java:76)
	at org.eclipse.jetty.servlet.ServletHandler$CachedChain.doFilter(ServletHandler.java:1338)
	at org.eclipse.jetty.servlet.ServletHandler.doHandle(ServletHandler.java:484)
	at org.eclipse.jetty.server.handler.ScopedHandler.handle(ScopedHandler.java:119)
	at org.eclipse.jetty.security.SecurityHandler.handle(SecurityHandler.java:524)
	at org.eclipse.jetty.server.session.SessionHandler.doHandle(SessionHandler.java:233)
	at org.eclipse.jetty.server.handler.ContextHandler.doHandle(ContextHandler.java:1065)
	at org.eclipse.jetty.servlet.ServletHandler.doScope(ServletHandler.java:413)
	at org.eclipse.jetty.server.session.SessionHandler.doScope(SessionHandler.java:192)
	at org.eclipse.jetty.server.handler.ContextHandler.doScope(ContextHandler.java:999)
	at org.eclipse.jetty.server.handler.ScopedHandler.handle(ScopedHandler.java:117)
	at org.eclipse.jetty.server.handler.ContextHandlerCollection.handle(ContextHandlerCollection.java:250)
	at org.eclipse.jetty.server.handler.HandlerWrapper.handle(HandlerWrapper.java:111)
	at org.eclipse.jetty.server.Server.handle(Server.java:350)
	at org.eclipse.jetty.server.AbstractHttpConnection.handleRequest(AbstractHttpConnection.java:454)
	at org.eclipse.jetty.server.AbstractHttpConnection.headerComplete(AbstractHttpConnection.java:890)
	at org.eclipse.jetty.server.AbstractHttpConnection$RequestHandler.headerComplete(AbstractHttpConnection.java:944)
	at org.eclipse.jetty.http.HttpParser.parseNext(HttpParser.java:630)
	at org.eclipse.jetty.http.HttpParser.parseAvailable(HttpParser.java:230)
	at org.eclipse.jetty.server.AsyncHttpConnection.handle(AsyncHttpConnection.java:77)
	at org.eclipse.jetty.io.nio.SelectChannelEndPoint.handle(SelectChannelEndPoint.java:606)
	at org.eclipse.jetty.io.nio.SelectChannelEndPoint$1.run(SelectChannelEndPoint.java:46)
	at org.eclipse.jetty.util.thread.QueuedThreadPool.runJob(QueuedThreadPool.java:603)
	at org.eclipse.jetty.util.thread.QueuedThreadPool$3.run(QueuedThreadPool.java:538)
	at java.lang.Thread.run(Thread.java:722)
================================================================================
