Error before Pig is launched
----------------------------
ERROR 4010: Cannot find hadoop configurations in classpath (neither hadoop-site.xml nor core-site.xml was found in the classpath). If you plan to use local mode, please put -x local option in command line

org.apache.pig.backend.executionengine.ExecException: ERROR 4010: Cannot find hadoop configurations in classpath (neither hadoop-site.xml nor core-site.xml was found in the classpath). If you plan to use local mode, please put -x local option in command line
	at org.apache.pig.backend.hadoop.executionengine.HExecutionEngine.init(HExecutionEngine.java:151)
	at org.apache.pig.backend.hadoop.executionengine.HExecutionEngine.init(HExecutionEngine.java:117)
	at org.apache.pig.impl.PigContext.connect(PigContext.java:240)
	at org.apache.pig.PigServer.<init>(PigServer.java:213)
	at org.apache.pig.PigServer.<init>(PigServer.java:198)
	at org.apache.pig.tools.grunt.Grunt.<init>(Grunt.java:47)
	at org.apache.pig.Main.run(Main.java:532)
	at org.apache.pig.Main.main(Main.java:154)
	at org.bigloupe.web.console.TextAreaOutputStreamTest$1.actionPerformed(TextAreaOutputStreamTest.java:31)
	at javax.swing.Timer.fireActionPerformed(Timer.java:291)
	at javax.swing.Timer$DoPostEvent.run(Timer.java:221)
	at java.awt.event.InvocationEvent.dispatch(InvocationEvent.java:209)
	at java.awt.EventQueue.dispatchEventImpl(EventQueue.java:641)
	at java.awt.EventQueue.access$000(EventQueue.java:84)
	at java.awt.EventQueue$1.run(EventQueue.java:602)
	at java.awt.EventQueue$1.run(EventQueue.java:600)
	at java.security.AccessController.doPrivileged(Native Method)
	at java.security.AccessControlContext$1.doIntersectionPrivilege(AccessControlContext.java:87)
	at java.awt.EventQueue.dispatchEvent(EventQueue.java:611)
	at java.awt.EventDispatchThread.pumpOneEventForFilters(EventDispatchThread.java:269)
	at java.awt.EventDispatchThread.pumpEventsForFilter(EventDispatchThread.java:184)
	at java.awt.EventDispatchThread.pumpEventsForHierarchy(EventDispatchThread.java:174)
	at java.awt.EventDispatchThread.pumpEvents(EventDispatchThread.java:169)
	at java.awt.EventDispatchThread.pumpEvents(EventDispatchThread.java:161)
	at java.awt.EventDispatchThread.run(EventDispatchThread.java:122)
================================================================================
